    Updating crates.io index
     Locking 100 packages to latest compatible versions
      Adding generic-array v0.14.7 (available: v0.14.9)
      Adding md-5 v0.10.6 (available: v0.11.0)
      Adding ureq v2.12.1 (available: v3.3.0)
   Compiling proc-macro2 v1.0.106
   Compiling unicode-ident v1.0.24
   Compiling quote v1.0.46
   Compiling stable_deref_trait v1.2.1
   Compiling find-msvc-tools v0.1.9
   Compiling shlex v2.0.1
   Compiling pkg-config v0.3.33
   Compiling vcpkg v0.2.15
   Compiling litemap v0.8.2
   Compiling writeable v0.6.3
   Compiling icu_properties_data v2.2.0
   Compiling utf8_iter v1.0.4
   Compiling icu_normalizer_data v2.2.0
   Compiling version_check v0.9.5
   Compiling libc v0.2.186
   Compiling cfg-if v1.0.4
   Compiling typenum v1.20.1
   Compiling smallvec v1.15.2
   Compiling foreign-types-shared v0.1.1
   Compiling openssl v0.10.81
   Compiling utf8parse v0.2.2
   Compiling crc32fast v1.5.0
   Compiling foreign-types v0.3.2
   Compiling anstyle-parse v1.0.0
   Compiling anstyle-query v1.1.5
   Compiling memchr v2.8.2
   Compiling percent-encoding v2.3.2
   Compiling adler2 v2.0.1
   Compiling is_terminal_polyfill v1.70.2
   Compiling simd-adler32 v0.3.9
   Compiling cc v1.2.65
   Compiling anstyle v1.0.14
   Compiling bitflags v2.13.0
   Compiling colorchoice v1.0.5
   Compiling native-tls v0.2.18
   Compiling form_urlencoded v1.2.2
   Compiling heck v0.5.0
   Compiling regex-syntax v0.8.11
   Compiling openssl-probe v0.2.1
   Compiling log v0.4.33
   Compiling strsim v0.11.1
   Compiling clap_lex v1.1.0
   Compiling miniz_oxide v0.8.9
   Compiling once_cell v1.21.4
   Compiling base64 v0.22.1
   Compiling generic-array v0.14.7
   Compiling anstream v1.0.0
   Compiling clap_builder v4.6.0
   Compiling flate2 v1.1.9
   Compiling aho-corasick v1.1.4
   Compiling syn v2.0.118
   Compiling openssl-sys v0.9.117
   Compiling block-buffer v0.10.4
   Compiling crypto-common v0.1.7
   Compiling digest v0.10.7
   Compiling md-5 v0.10.6
   Compiling regex-automata v0.4.14
   Compiling regex v1.12.4
   Compiling synstructure v0.13.2
   Compiling zerovec-derive v0.11.3
   Compiling displaydoc v0.2.6
   Compiling openssl-macros v0.1.1
   Compiling clap_derive v4.6.1
   Compiling zerofrom-derive v0.1.7
   Compiling yoke-derive v0.8.2
   Compiling zerofrom v0.1.8
   Compiling yoke v0.8.3
   Compiling zerovec v0.11.6
   Compiling zerotrie v0.2.4
   Compiling clap v4.6.1
   Compiling tinystr v0.8.3
   Compiling potential_utf v0.1.5
   Compiling icu_collections v2.2.0
   Compiling icu_locale_core v2.2.0
   Compiling icu_provider v2.2.0
   Compiling icu_normalizer v2.2.0
   Compiling icu_properties v2.2.0
   Compiling idna_adapter v1.2.2
   Compiling idna v1.1.0
   Compiling url v2.5.8
   Compiling ureq v2.12.1
   Compiling slacker v0.7.1 (/tmp/FORGE)
    Finished `dev` profile [unoptimized + debuginfo] target(s) in 14.35s
   Compiling openssl-sys v0.9.117
   Compiling openssl v0.10.81
   Compiling native-tls v0.2.18
   Compiling ureq v2.12.1
   Compiling slacker v0.7.1 (/tmp/FORGE)
    Finished `dev` profile [unoptimized + debuginfo] target(s) in 6.45s
   Compiling slacker v0.7.1 (/tmp/FORGE)
    Finished `test` profile [unoptimized + debuginfo] target(s) in 2.69s
     Running unittests src/main.rs (target/debug/deps/slacker-004c3a6d64b9a290)

running 114 tests
test collect_tests::alternatives_surface_other_repo_for_collided_name ... ok
test collect_tests::pin_beats_higher_priority_repo_either_order ... ok
test collect_tests::dep_delta_reports_added_and_removed ... ok
test collect_tests::single_pattern_is_unchanged ... ok
test attribution_tests::every_installed_package_has_a_source_never_untracked ... ok
test collect_tests::audit_flags_writable_and_symlinks_without_following ... ok
test collect_tests::prefers_precedence_is_pin_then_priority_then_first ... ok
test collect_tests::no_alternatives_when_single_repo_offers_name ... ok
test collect_tests::two_repos_higher_priority_wins_either_order ... ok
test collect_tests::search_display_prefers_installed_source_over_priority_winner ... ok
test collect_tests::misses_reported_for_non_matching_patterns ... ok
test config::tests::blacklist_lines ... ok
test collect_tests::different_name_pins_both_kept ... ok
test collect_tests::tool_in_dirs_detects_executables ... ok
test config::tests::arch_detected_from_aaa_base ... ok
test config::tests::cumulative_url_default_and_override ... ok
test config::tests::max_parallel_parse_and_clamp ... ok
test config::tests::keyvals_and_comments ... ok
test config::tests::mirrors_none_active ... ok
test collect_tests::two_pins_same_name_keep_first_listed ... ok
test config::tests::mirrors_one_active ... ok
test config::tests::mirrors_two_active_is_error ... ok
test config::tests::repos_bad_input ... ok
test config::tests::repos_columns_and_official ... ok
test config::tests::repos_duplicate_priority_is_error ... ok
test config::tests::repos_mirror_keyword_resolves ... ok
test config::tests::repos_immutable_flag_parses ... ok
test config::tests::repos_mirror_keyword_without_active_errors ... ok
test config::tests::repos_mirror_subpath_without_active_mirror_errors ... ok
test config::tests::repos_mirror_subpath_resolves_and_keeps_flags ... ok
test config::tests::repos_subtree_flag_parses_and_resolves_parent_base ... ok
test config::tests::revert_toggle_defaults_on ... ok
test config::tests::verify_policy_parsing ... ok
test download::tests::tls_handshake_works ... ignored
test config::tests::verify_policy_wants_requires ... ok
test download::tests::file_url_parsing ... ok
test history::tests::civil_roundtrip_known_dates ... ok
test history::tests::format_is_local_via_calibration ... ok
test history::tests::parse_upgraded_suffix_works ... ok
test history::tests::downtube_full_life_is_reconstructed ... ok
test history::tests::lost_successor_infers_target_version ... ok
test download::tests::file_url_fetch_roundtrip ... ok
test download::tests::md5_of_known_content ... ok
test manifest::tests::finds_file_and_package ... ok
test manifest::tests::symlink_target_stripped ... ok
test history::tests::rebuilt_same_version_chain_pairs_correctly ... ok
test parallel_download_tests::summarize_ignores_out_of_range_index ... ok
test parallel_download_tests::summarize_marks_ready_and_collects_failures ... ok
test parallel_download_tests::verify_suffix_reflects_strength ... ok
test pkg::tests::bare_tag_without_ext ... ok
test pkg::tests::build_tag_strips_number_both_styles ... ok
test pkg::tests::rejects_garbage ... ok
test pkg::tests::revision_detection ... ok
test pkg::tests::safe_filename_accepts_normal_packages ... ok
test pkg::tests::safe_filename_rejects_traversal_and_tricks ... ok
test pkg::tests::safe_location_rejects_dotdot ... ok
test pkg::tests::simple_name ... ok
test newconfig::tests::finds_new_files_recursively ... ok
test pkgdb::series_match_tests::is_real_series_needs_two_distinct_names ... ok
test pkgdb::series_match_tests::per_name_dir_does_not_shadow_bare_name ... ok
test pkgdb::series_match_tests::per_name_dir_does_not_shadow_pin ... ok
test pkgdb::series_match_tests::real_series_still_matches_by_series ... ok
test pkgdb::upgrade_tests::at_tag_selects_by_build_tag ... ok
test pkgdb::upgrade_tests::bare_word_is_not_a_repo ... ok
test pkgdb::upgrade_tests::at_repo_selects_whole_repo ... ok
test pkgdb::upgrade_tests::conraid_80_now_outranks_installed_alienbob_10 ... ok
test pkg::tests::dashed_name ... ok
test pkgdb::upgrade_tests::installed_priority_official_empty_tag_keeps_official ... ok
test pkgdb::upgrade_tests::installed_priority_falls_back_to_tag_when_pkg_gone ... ok
test pkgdb::upgrade_tests::installed_priority_user_tag_wins ... ok
test pkgdb::upgrade_tests::newly_added_matches_by_name_not_filename ... ok
test pkgdb::upgrade_tests::names_provided_by_scopes_to_baseline ... ok
test pkgdb::upgrade_tests::no_downgrade_from_lower_repo ... ok
test pkgdb::upgrade_tests::official_upgrade_proposed ... ok
test pkgdb::upgrade_tests::installed_priority_pins_alien_pkg_to_its_real_repo ... ok
test pkgdb::upgrade_tests::genuine_self_upgrade_within_same_repo ... ok
test pkgdb::upgrade_tests::sbo_is_not_migrated_to_lower_repo ... ok
test repo::arch_tests::accepts_native_noarch_fw_x86 ... ok
test repo::arch_tests::rejects_genuine_32bit_binaries_on_64 ... ok
test pkgdb::upgrade_tests::substring_pattern_still_works ... ok
test pkgdb::upgrade_tests::series_pattern_matches_only_series ... ok
test pkgdb::upgrade_tests::higher_priority_same_version_is_proposed ... ok
test repo::dep_tests::parses_names_and_skips_noise ... ok
test repo::lossy_tests::reads_non_utf8_without_failing ... ok
test repo::tests::parses_blocks_with_series ... ok
test repo::tests::series_extraction ... ok
test repo::tests::parses_checksums_ok ... ok
test revert::tests::builds_url_for_older_version_via_stable_location ... ok
test revert::tests::name_match_is_exact ... ok
test revert::tests::filters_official_only_and_dedups_newest_first ... ok
test revert::tests::parses_name_to_location ... ok
test revert::tests::respects_limit_in_input_order ... ok
test revert::tests::strip_handles_upgraded_and_plain ... ok
test revert::tests::trailing_slash_in_base_url_is_handled ... ok
test revert::tests::unknown_package_yields_no_url ... ok
test selection_tests::edit_distance_basics ... ok
test selection_tests::closest_suggests_within_two ... ok
test selection_tests::privilege_classification ... ok
test selection_tests::parse_selection_works ... ok
test system::tests::missing_db_is_empty_not_error ... ok
test ui::tests::helpers_map_to_the_right_code ... ok
test ui::tests::paint_gate_is_pure ... ok
test unfreeze_tests::partial_name_does_not_match ... ok
test template::tests::delete_removes_file_only ... ok
test unfreeze_tests::regex_metachars_are_literal ... ok
test unfreeze_tests::preserves_comments_and_reports_not_found ... ok
test unfreeze_tests::removes_exact_rule_only_no_glob ... ok
test system::tests::reads_fake_installed_db ... ok
test unfreeze_tests::removing_last_rule_leaves_header_intact ... ok
test unfreeze_tests::repo_scoped_rule_does_not_touch_bare_rule ... ok
test template::tests::generate_then_load_with_include ... ok
test template::tests::name_suffix_is_normalized ... ok
test config::tests::blacklist_rules ... ok
test repo::tests::official_arch_subdir_picks_arch_dir ... ok

test result: ok. 113 passed; 0 failed; 1 ignored; 0 measured; 0 filtered out; finished in 0.00s


Slackware package maker, version 3.141592653.

Searching for symbolic links:

No symbolic links were found, so we won't make an installation script.
You can make your own later in ./install/doinst.sh and rebuild the
package if you like.

This next step is optional - you can set the directories in your package
to some sane permissions. If any of the directories in your package have
special permissions, then DO NOT reset them here!

Would you like to reset all directory permissions to 755 (drwxr-xr-x) and
directory ownerships to root:root ([y]es, [n]o)? n


Creating Slackware package:  /tmp/slacker-0.7.1-x86_64-1_FRG.txz

./
etc/
etc/slacker/
etc/slacker/blacklist.new
etc/slacker/mirrors.new
etc/slacker/repos.new
etc/slacker/slacker.conf.new
etc/slacker/templates/
install/
install/doinst.sh
install/slack-desc
usr/
usr/doc/
usr/doc/slacker-0.7.1/
usr/doc/slacker-0.7.1/NEWS
usr/doc/slacker-0.7.1/README.md
usr/doc/slacker-0.7.1/examples/
usr/doc/slacker-0.7.1/examples/blacklist
usr/doc/slacker-0.7.1/examples/mirrors
usr/doc/slacker-0.7.1/examples/repos
usr/doc/slacker-0.7.1/examples/slacker.conf
usr/doc/slacker-0.7.1/slacker.SlackBuild
usr/local/
usr/local/sbin/
usr/local/sbin/slacker
usr/man/
usr/man/man8/
usr/man/man8/slacker.8.gz

Slackware package /tmp/slacker-0.7.1-x86_64-1_FRG.txz created.

